<?xml version="1.0" encoding="UTF-8"?>
<!-- Generated by org.testng.reporters.JUnitXMLReporter -->
<testsuite ignored="0" hostname="LAPTOP-KAPRIBPB" failures="0" tests="10" name="Jorani-LMS-LeaveRequest Page Test" time="3.93" errors="0" timestamp="2023-05-05T00:57:50 IST">
  <testcase classname="Com.PagesTest.LeaveRequestPageTest" name="pageheadertextTest" time="0.0">
    <skipped/>
  </testcase> <!-- pageheadertextTest -->
  <testcase classname="Com.PagesTest.LeaveRequestPageTest" name="TypeboxTest" time="0.0">
    <skipped/>
  </testcase> <!-- TypeboxTest -->
  <testcase classname="Com.PagesTest.LeaveRequestPageTest" name="tablecolumnscountTest" time="0.0">
    <skipped/>
  </testcase> <!-- tablecolumnscountTest -->
  <testcase classname="Com.PagesTest.LeaveRequestPageTest" name="filteroptionsTest" time="0.0">
    <skipped/>
  </testcase> <!-- filteroptionsTest -->
  <testcase classname="Com.PagesTest.LeaveRequestPageTest" name="filterleavetypeTest" time="0.0">
    <skipped/>
  </testcase> <!-- filterleavetypeTest -->
  <testcase classname="Com.PagesTest.LeaveRequestPageTest" name="searchboxTest" time="0.0">
    <skipped/>
  </testcase> <!-- searchboxTest -->
  <testcase classname="Com.PagesTest.LeaveRequestPageTest" name="searchboxclearTest" time="0.0">
    <skipped/>
  </testcase> <!-- searchboxclearTest -->
  <testcase classname="Com.PagesTest.LeaveRequestPageTest" name="previouspageTest" time="0.0">
    <skipped/>
  </testcase> <!-- previouspageTest -->
  <testcase classname="Com.PagesTest.LeaveRequestPageTest" name="exportfileTest" time="0.0">
    <skipped/>
  </testcase> <!-- exportfileTest -->
  <testcase classname="Com.PagesTest.LeaveRequestPageTest" name="ICSlinkTest" time="0.0">
    <skipped/>
  </testcase> <!-- ICSlinkTest -->
</testsuite> <!-- Jorani-LMS-LeaveRequest Page Test -->
