<?xml version="1.0" encoding="UTF-8"?>
<!-- Generated by org.testng.reporters.JUnitXMLReporter -->
<testsuite ignored="0" hostname="LAPTOP-KAPRIBPB" failures="0" tests="11" name="Jorani-LMS-Home Page Test" time="3.67" errors="0" timestamp="2023-05-05T00:57:46 IST">
  <testcase classname="Com.PagesTest.JoraniHomepageTest" name="currenturlTest" time="0.0">
    <skipped/>
  </testcase> <!-- currenturlTest -->
  <testcase classname="Com.PagesTest.JoraniHomepageTest" name="GetpagetitleTest" time="0.0">
    <skipped/>
  </testcase> <!-- GetpagetitleTest -->
  <testcase classname="Com.PagesTest.JoraniHomepageTest" name="headertextTest" time="0.0">
    <skipped/>
  </testcase> <!-- headertextTest -->
  <testcase classname="Com.PagesTest.JoraniHomepageTest" name="linkscountTest" time="0.0">
    <skipped/>
  </testcase> <!-- linkscountTest -->
  <testcase classname="Com.PagesTest.JoraniHomepageTest" name="linkstextTest" time="0.0">
    <skipped/>
  </testcase> <!-- linkstextTest -->
  <testcase classname="Com.PagesTest.JoraniHomepageTest" name="linkstextTest1" time="0.0">
    <skipped/>
  </testcase> <!-- linkstextTest1 -->
  <testcase classname="Com.PagesTest.JoraniHomepageTest" name="linkstextTest2" time="0.0">
    <skipped/>
  </testcase> <!-- linkstextTest2 -->
  <testcase classname="Com.PagesTest.JoraniHomepageTest" name="linkIndexTest" time="0.0">
    <skipped/>
  </testcase> <!-- linkIndexTest -->
  <testcase classname="Com.PagesTest.JoraniHomepageTest" name="linkIndexTest1" time="0.0">
    <skipped/>
  </testcase> <!-- linkIndexTest1 -->
  <testcase classname="Com.PagesTest.JoraniHomepageTest" name="linkIndexTest2" time="0.0">
    <skipped/>
  </testcase> <!-- linkIndexTest2 -->
  <testcase classname="Com.PagesTest.JoraniHomepageTest" name="linktextcontains" time="0.0">
    <skipped/>
  </testcase> <!-- linktextcontains -->
</testsuite> <!-- Jorani-LMS-Home Page Test -->
